Iteration	Posterior	Likelihood	Prior	rate_log_sd	rate_loss	tree_length
0	-1079.223	-1687.545	608.3218	1.476717	2.320292	1.015105
6	-1083.287	-1691.04	607.7535	1.523962	3.95727	0.8400943
12	-1085.402	-1693.783	608.3814	1.531362	2.314006	0.8986897
18	-1073.32	-1681.715	608.3944	1.454607	2.017739	1.124252
24	-1075.972	-1683.943	607.9701	1.61232	3.030337	0.8930114
30	-1083.237	-1691.29	608.0528	1.61232	3.030337	0.791124
36	-1082.41	-1690.616	608.2053	1.580436	2.778576	0.7761903
42	-1087.573	-1695.948	608.3745	1.646309	2.246149	0.8117684
48	-1090.212	-1698.376	608.1639	1.517587	2.281716	1.143109
54	-1097.803	-1705.876	608.0725	1.46147	2.196121	1.306737
60	-1099.41	-1707.581	608.1713	1.46147	2.361901	1.149226
66	-1101.471	-1709.899	608.4285	1.573687	2.066557	0.9486353
72	-1091.828	-1699.687	607.859	1.62083	3.757619	0.6280821
78	-1095.431	-1703.556	608.1253	1.701938	2.814398	0.6845963
84	-1089.268	-1697.389	608.1206	1.712631	2.807762	0.6790022
90	-1085.717	-1693.802	608.0846	1.752321	2.700519	0.753861
96	-1087.095	-1694.767	607.6723	1.647771	4.05529	0.7364435
102	-1091.951	-1698.454	606.5035	0.8397598	1.820314	2.913039
108	-1099.639	-1706.838	607.199	1.061686	3.052604	1.936165
114	-1091.868	-1699.736	607.8683	1.637238	3.30013	0.8545465
120	-1078.454	-1686.277	607.8229	1.553163	3.542563	0.8973773
126	-1068.694	-1676.501	607.8071	1.454077	3.38198	1.076005
132	-1063.047	-1670.998	607.9515	1.458319	3.190783	1.005569
138	-1077.536	-1685.5	607.9636	1.447774	3.190783	1.004012
144	-1076.878	-1684.237	607.359	1.63405	4.760375	0.8781232
150	-1082.739	-1689.863	607.1241	1.406931	4.305563	1.41788
156	-1074.376	-1681.776	607.4002	1.187538	4.129667	1.41788
162	-1055.999	-1664.097	608.0979	1.202764	2.059312	1.545515
168	-1076.954	-1685.053	608.0989	1.25626	2.145226	1.468505
174	-1089.581	-1696.84	607.2585	1.177998	3.036001	1.821077
180	-1093.134	-1700.888	607.754	1.105808	2.154984	1.821077
186	-1077.689	-1684.973	607.284	0.976883	2.03753	2.262139
192	-1071.864	-1678.806	606.9419	1.025886	2.597065	2.262139
198	-1084.199	-1691.833	607.6347	1.016118	2.626637	1.799073
204	-1079.564	-1686.426	606.8626	0.9475617	2.354834	2.438519
210	-1083.33	-1690.78	607.4507	1.037309	2.354834	2.00063
216	-1069.214	-1677.244	608.0306	1.319781	2.164028	1.464212
222	-1061.978	-1669.719	607.7403	1.22677	3.099071	1.41732
228	-1059.765	-1667.85	608.0846	1.412057	2.063108	1.395327
234	-1080.041	-1688.018	607.9771	1.354154	2.368394	1.395327
240	-1087.273	-1694.925	607.6519	1.285415	2.571552	1.614961
246	-1077.664	-1685.102	607.4381	1.200028	2.615185	1.811562
252	-1080.416	-1687.289	606.8733	1.047981	2.55624	2.304416
258	-1071.327	-1679.239	607.9126	1.161246	2.286261	1.620098
264	-1081.672	-1689.762	608.0894	1.282357	2.286261	1.397139
270	-1098.42	-1706.265	607.8451	1.257584	2.843268	1.397139
276	-1087.567	-1694.879	607.3127	1.177675	3.531629	1.645418
282	-1084.85	-1692.418	607.5686	1.177675	3.417359	1.489132
288	-1079.537	-1686.99	607.4529	1.064762	2.365661	1.977125
294	-1096.724	-1704.767	608.0427	1.088206	1.800566	1.778847
300	-1089.885	-1697.62	607.7342	1.174919	2.049054	1.828227
306	-1103.485	-1711.246	607.7607	1.222472	2.37879	1.650817
312	-1094.054	-1701.417	607.363	1.124662	3.328298	1.702638
318	-1087.641	-1695.03	607.3889	1.171879	2.265346	1.983347
324	-1103.579	-1711.514	607.9353	1.185958	1.727387	1.818346
330	-1107.454	-1714.817	607.3628	1.065344	2.084375	2.136544
336	-1102.212	-1709.765	607.5527	1.08468	2.27213	1.929444
342	-1102.651	-1710.093	607.4422	1.124957	2.407661	1.929444
348	-1089.754	-1697.654	607.9004	1.106002	2.597638	1.555408
354	-1090.352	-1697.686	607.3339	1.065893	2.597638	1.979132
360	-1076.573	-1684.344	607.7706	1.026615	2.522536	1.731833
366	-1073.552	-1681.144	607.5915	1.191923	3.179136	1.531438
372	-1083.725	-1691.684	607.9595	1.314135	2.373357	1.437898
378	-1073.39	-1681.236	607.846	1.389127	2.784301	1.313026
384	-1069.374	-1677.296	607.9221	1.355902	2.356558	1.441195
390	-1077.517	-1685.396	607.8787	1.069327	2.110221	1.777245
396	-1080.999	-1688.542	607.5429	1.098814	2.538768	1.834362
402	-1073.544	-1681.202	607.6576	1.122086	1.841453	2.000209
408	-1070.8	-1678.803	608.0034	1.145586	2.090552	1.643092
414	-1071.196	-1679.115	607.9184	1.333684	1.831327	1.679889
420	-1083.847	-1691.932	608.0856	1.282302	2.406723	1.351151
426	-1061.351	-1669.178	607.8273	1.307244	2.467186	1.507401
432	-1071.063	-1679.61	608.5467	1.411192	1.964275	1.052606
438	-1086.777	-1694.779	608.0022	1.486617	2.566027	1.186293
444	-1083.905	-1691.604	607.6983	1.440926	3.108172	1.277372
450	-1088.938	-1696.995	608.0569	1.496441	2.735118	1.056318
456	-1087.44	-1694.955	607.5142	1.416927	4.396631	1.056318
462	-1086.919	-1694.768	607.8489	1.407596	3.397361	1.074791
468	-1089.597	-1697.174	607.5772	1.410836	3.833771	1.172882
474	-1088.243	-1695.764	607.5214	1.407681	4.072316	1.15349
480	-1088.384	-1695.919	607.5355	1.583757	4.072316	0.9736087
486	-1086.204	-1694.262	608.058	1.583757	3.123743	0.7695145
492	-1091.208	-1699.091	607.8835	1.650384	3.164532	0.8850328
498	-1108.819	-1716.828	608.0093	1.627691	3.012474	0.8373051
504	-1094.647	-1702.719	608.0719	1.461963	2.790995	1.050733
510	-1102.018	-1709.856	607.8377	1.66336	3.523662	0.7461737
516	-1103.429	-1711.045	607.6167	1.66336	4.110452	0.7688786
522	-1103.861	-1712.045	608.1844	1.66336	2.717452	0.7250632
528	-1105.3	-1713.425	608.1252	1.47003	2.902418	0.9393399
534	-1100.734	-1708.139	607.4057	1.17634	2.642881	1.841216
540	-1093.21	-1700.918	607.7075	1.264887	2.884087	1.483125
546	-1093.076	-1700.117	607.0409	0.9383185	2.184005	2.389116
552	-1080.172	-1687.356	607.1833	1.025335	3.133699	1.948529
558	-1079.975	-1687.446	607.4705	1.047902	2.448148	1.948529
564	-1090.829	-1698.411	607.582	1.130736	2.448148	1.816242
570	-1085.298	-1693.26	607.9629	1.446608	1.968267	1.504065
576	-1089.747	-1697.794	608.0474	1.446608	2.625553	1.157006
582	-1081.382	-1689.471	608.0888	1.472488	2.625553	1.096515
588	-1078.762	-1686.801	608.0382	1.586576	2.869883	0.9228555
594	-1089.353	-1697.638	608.2852	1.589371	2.399272	0.89225
600	-1087.835	-1695.999	608.1641	1.610305	2.950084	0.6719372
606	-1094.349	-1701.958	607.6089	1.464935	3.496027	1.204276
612	-1107.822	-1715.637	607.8155	1.428022	3.760302	0.9556327
618	-1112.039	-1720.313	608.274	1.48465	2.69736	0.8589831
624	-1085.876	-1693.509	607.6327	1.960315	3.51163	0.4539808
630	-1090.926	-1699.032	608.1056	1.885278	2.541206	0.6025289
636	-1094.597	-1702.812	608.2152	1.777035	2.551868	0.5816825
642	-1121.333	-1728.614	607.2808	1.777035	5.118742	0.6246835
648	-1093.5	-1701.757	608.2563	1.591582	2.393849	0.9250035
654	-1081.367	-1689.385	608.0174	1.496463	2.756382	1.084317
660	-1082.25	-1690.462	608.2116	1.612082	2.588554	0.8421615
666	-1091.192	-1699.337	608.1445	1.546357	2.745889	0.9112167
672	-1073.786	-1681.964	608.1781	1.512788	2.745889	0.9112167
678	-1086.375	-1694.796	608.4212	1.498311	2.232738	0.9385925
684	-1084.538	-1692.853	608.3145	1.544463	2.315314	0.9563652
690	-1070.805	-1679.085	608.2799	1.59372	2.448624	0.8644046
696	-1085.133	-1693.163	608.03	1.413062	2.467489	1.265623
702	-1074.509	-1682.901	608.3919	1.452046	2.2018	1.032397
708	-1086.929	-1695.255	608.3263	1.603247	2.303629	0.8858587
714	-1071.58	-1680.146	608.5661	1.408318	2.303629	0.8321034
720	-1074.329	-1682.895	608.5661	1.408318	2.303629	0.8321034
726	-1073.178	-1681.744	608.5661	1.408318	2.303629	0.8321034
732	-1066.341	-1674.907	608.5661	1.408318	2.303629	0.8321034
738	-1069.703	-1678.269	608.5661	1.408318	2.303629	0.8321034
744	-1060.23	-1668.796	608.5661	1.408318	2.303629	0.8321034
750	-1063.519	-1672.085	608.5661	1.408318	2.303629	0.8321034
756	-1064.295	-1672.862	608.5661	1.408318	2.303629	0.8321034
762	-1067.151	-1675.717	608.5661	1.408318	2.303629	0.8321034
768	-1067.732	-1676.298	608.5661	1.408318	2.303629	0.8321034
774	-1073.352	-1681.049	607.6969	1.408318	4.512641	0.8321034
780	-1070.583	-1678.594	608.0112	1.408318	3.573852	0.8321034
786	-1080.757	-1688.661	607.9043	1.440962	3.086838	1.107354
792	-1082.972	-1691.024	608.0517	1.52166	3.086838	0.8762912
798	-1082.237	-1690.343	608.106	1.54572	3.086838	0.7769201
804	-1097.407	-1705.751	608.3437	1.68367	2.319717	0.7483755
810	-1106.474	-1713.178	606.7039	0.8404656	3.652275	2.253465
816	-1082.858	-1689.543	606.6843	1.039875	3.13565	2.265796
822	-1081.798	-1688.919	607.1212	1.117026	3.144683	1.925552
828	-1080.958	-1688.21	607.2526	1.063473	2.651239	2.018084
834	-1084.571	-1691.793	607.2217	1.173836	3.308085	1.77286
840	-1069.261	-1676.512	607.2513	1.192322	3.254261	1.754169
846	-1074.007	-1681.488	607.4817	1.017507	1.799535	2.201658
852	-1081.661	-1688.236	606.5746	0.9728909	3.431111	2.304131
858	-1097.914	-1705.305	607.391	1.112753	2.119809	2.073846
864	-1087.005	-1694.52	607.5154	1.276147	2.785363	1.648316
870	-1092.11	-1700.13	608.0205	1.355358	2.626034	1.257656
876	-1077.678	-1685.515	607.8367	1.242904	3.271413	1.272092
882	-1084.934	-1692.413	607.4782	1.242904	2.800987	1.693534
888	-1092.876	-1699.473	606.5968	1.242904	2.525479	2.365853
894	-1088.664	-1695.732	607.0681	1.131284	2.29691	2.209705
900	-1098.115	-1706.509	608.3947	1.394364	2.193158	1.088715
906	-1097.997	-1705.73	607.7332	1.364669	3.326468	1.238899
912	-1100.915	-1708.849	607.9338	1.341644	3.458042	1.034818
918	-1094.754	-1702.738	607.9834	1.408844	2.495086	1.296155
924	-1079.118	-1686.822	607.7041	1.448934	3.823792	1.024563
930	-1084.927	-1691.963	607.0369	0.945365	3.046903	2.12253
936	-1078.086	-1685.621	607.5352	1.149848	2.402291	1.85111
942	-1086.231	-1693.269	607.0384	1.126098	2.120687	2.293593
948	-1063.898	-1670.249	606.3509	1.02786	3.033707	2.511063
954	-1077.411	-1684.116	606.7056	1.02786	2.904566	2.322364
960	-1085.672	-1692.854	607.1814	1.029178	2.756453	2.055816
966	-1095.639	-1702.53	606.8913	1.018645	3.444882	2.065652
972	-1079.513	-1686.213	606.6996	0.9125014	2.380441	2.554106
978	-1085.035	-1692.14	607.1048	0.9614445	3.000667	2.080175
984	-1079.22	-1686.853	607.6338	1.212969	3.000667	1.539383
990	-1092.054	-1699.839	607.7848	1.213746	2.903061	1.457037
996	-1083.709	-1691.149	607.4404	1.24977	2.903061	1.68344
1002	-1092.916	-1700.455	607.5391	1.247188	2.975097	1.591865
1008	-1090.563	-1698.437	607.8735	1.170567	2.4844	1.568115
1014	-1080.229	-1687.96	607.731	1.157802	2.67201	1.615675
1020	-1075.919	-1683.79	607.8705	1.340309	2.414501	1.469811
1026	-1074.036	-1682.015	607.979	1.318711	2.602307	1.330546
1032	-1079.15	-1686.722	607.5713	1.422827	3.248196	1.348668
1038	-1079.22	-1686.854	607.6341	1.422827	3.248196	1.29825
1044	-1069.217	-1677.239	608.0219	1.516089	3.00201	0.9546112
1050	-1077.994	-1686.329	608.3352	1.516089	2.496618	0.862691
1056	-1077.501	-1685.3	607.7991	1.592681	3.573252	0.866175
1062	-1072.642	-1680.323	607.6811	1.592681	3.687169	0.9512653
1068	-1086.955	-1694.624	607.6688	1.25324	2.766943	1.55953
1074	-1091.76	-1699.65	607.8901	1.098837	2.51126	1.598754
1080	-1097.168	-1705.555	608.387	1.270763	1.97033	1.310431
1086	-1090.067	-1697.998	607.9317	1.315805	2.15819	1.543713
1092	-1086.971	-1695.275	608.3047	1.345962	2.080727	1.263826
1098	-1070.652	-1678.824	608.1723	1.36442	2.4733	1.184111
1104	-1062.063	-1670.091	608.0282	1.35948	2.705805	1.216486
1110	-1061.216	-1669.675	608.4583	1.416431	2.236257	0.9833124
1116	-1056.258	-1663.975	607.7171	1.467825	3.458302	1.119225
1122	-1066.97	-1674.565	607.5955	1.467825	3.853098	1.099676
1128	-1077.159	-1685.054	607.8951	1.467825	3.706877	0.8423662
1134	-1081.842	-1689.458	607.6159	1.384284	3.706877	1.201163
1140	-1089.533	-1697.04	607.5075	1.223097	3.412806	1.502218
1146	-1094.499	-1701.953	607.4536	1.181145	3.023772	1.686048
1152	-1118.015	-1725.63	607.6153	1.099445	3.898155	1.379525
1158	-1107.73	-1714.924	607.1944	0.9860173	2.8029	2.061873
1164	-1092.758	-1700.642	607.8844	1.420077	2.581836	1.332936
1170	-1093.833	-1701.986	608.1527	1.591572	2.684925	0.8826035
1176	-1078.717	-1686.791	608.074	1.548411	3.115754	0.8005869
1182	-1074.441	-1682.448	608.0078	1.439505	2.830068	1.114963
1188	-1081.709	-1689.46	607.7508	1.226486	3.607965	1.25072
1194	-1078.492	-1686.506	608.0141	1.321719	2.85478	1.203359
1200	-1063.423	-1671.555	608.1323	1.336689	2.566013	1.203359
1206	-1059	-1666.724	607.7238	1.195283	2.084586	1.807349
1212	-1063.875	-1671.682	607.8077	1.200795	2.889804	1.453864
1218	-1073.309	-1680.636	607.3269	1.30199	3.584775	1.529917
1224	-1064.426	-1672.003	607.5768	1.139609	3.003883	1.633627
1230	-1067.798	-1675.131	607.3331	1.23574	3.240321	1.669628
1236	-1080.239	-1687.781	607.5421	1.086228	2.924845	1.720549
1242	-1087.819	-1694.847	607.0283	0.9835274	3.787641	1.913916
1248	-1088.477	-1695.519	607.0421	1.133974	2.735715	2.084773
1254	-1074.869	-1682.03	607.1611	1.049105	2.496621	2.136722
1260	-1098.535	-1706.497	607.9623	1.288501	2.584318	1.374613
1266	-1097.127	-1705.378	608.2513	1.603709	2.015143	1.120229
1272	-1087.894	-1696.165	608.2708	1.523984	2.533705	0.9068325
1278	-1086.507	-1694.107	607.6004	1.658616	3.844987	0.9068325
1284	-1078.627	-1686.905	608.2778	1.531886	2.356557	0.98506
1290	-1069.339	-1677.222	607.8822	1.361656	2.673042	1.346929
1296	-1063.24	-1671.362	608.1218	1.315671	2.282508	1.346929
1302	-1074.864	-1682.187	607.3234	1.225715	2.729591	1.836152
1308	-1070.283	-1678.074	607.7903	1.225715	2.586789	1.552109
1314	-1082.155	-1689.769	607.6141	1.237193	2.777127	1.607872
1320	-1081.007	-1688.462	607.4545	1.218125	2.806276	1.726115
1326	-1086.559	-1693.929	607.3697	1.18417	2.423826	1.932914
1332	-1098.847	-1706.387	607.5402	1.244886	2.423826	1.774514
1338	-1101.517	-1708.475	606.958	1.159247	2.623684	2.157364
1344	-1088.928	-1695.986	607.0586	0.9665358	2.773544	2.172192
1350	-1078.318	-1685.68	607.3622	1.022331	2.680155	1.963352
1356	-1071.718	-1679.296	607.5779	1.05429	2.510043	1.850541
1362	-1075.539	-1682.75	607.2109	1.007802	3.475316	1.850541
1368	-1078.961	-1686.446	607.4851	1.102737	2.273681	1.962216
1374	-1077.697	-1684.762	607.0654	1.054345	3.304445	1.962216
1380	-1074.056	-1681.108	607.0515	0.9722468	3.080391	2.086091
1386	-1065.879	-1674.193	608.3142	1.224649	2.255966	1.27646
1392	-1064.265	-1672.002	607.7369	1.242689	3.274517	1.351903
1398	-1060.642	-1668.746	608.1042	1.192987	2.460163	1.385724
1404	-1063.994	-1671.461	607.4672	1.186786	3.003046	1.678601
1410	-1062.47	-1670.295	607.8252	1.170097	1.95427	1.807122
1416	-1072.613	-1680.57	607.957	1.154384	2.321472	1.579362
1422	-1074.616	-1682.412	607.7957	1.19794	2.27016	1.683755
1428	-1096.019	-1703.569	607.5493	1.185363	3.086135	1.595396
1434	-1098.784	-1706.84	608.0557	1.272302	2.664025	1.282421
1440	-1085.041	-1692.084	607.0433	0.9657567	2.136885	2.386702
1446	-1087.923	-1695.547	607.6238	0.9542771	2.304248	1.957942
1452	-1085.789	-1693.479	607.6892	1.416059	2.559824	1.495372
1458	-1087.155	-1695.176	608.0207	1.367724	2.88603	1.145549
1464	-1089.536	-1697.355	607.8191	1.302945	3.023304	1.320128
1470	-1079.503	-1687.295	607.7916	1.288111	2.773967	1.438822
1476	-1086.295	-1693.753	607.4583	1.074343	2.84993	1.810186
1482	-1077.246	-1684.3	607.0549	1.163871	3.526496	1.837303
1488	-1082.151	-1690.19	608.0386	1.232844	2.588415	1.356715
1494	-1077.3	-1685.415	608.1149	1.345327	2.457579	1.255539
1500	-1092.418	-1700.666	608.2474	1.347613	2.199411	1.255164
1506	-1086.865	-1695.135	608.2698	1.415492	2.287529	1.136992
1512	-1085.852	-1693.464	607.612	1.169354	2.524246	1.742356
1518	-1086.187	-1692.821	606.634	0.9351876	2.693131	2.486021
1524	-1089.397	-1696.693	607.2967	1.110671	2.75265	1.925511
1530	-1097.477	-1704.752	607.2752	1.197521	2.75265	1.881219
1536	-1104.147	-1711.968	607.8209	1.39375	2.577693	1.405326
1542	-1094.719	-1702.716	607.9968	1.615382	2.577693	1.070455
1548	-1077.482	-1685.455	607.973	1.251452	2.577693	1.397643
1554	-1081.114	-1688.601	607.4866	1.25849	3.313694	1.520056
1560	-1088.403	-1695.978	607.5753	1.292885	3.815329	1.279614
1566	-1085.645	-1693.091	607.4467	1.544279	4.581826	0.9393775
1572	-1081.962	-1689.488	607.5258	1.489998	4.581826	0.912353
1578	-1073.309	-1681.534	608.2249	1.448082	2.354772	1.116496
1584	-1068.711	-1676.885	608.1736	1.501306	2.741007	0.9310985
1590	-1073.707	-1681.518	607.8107	1.566774	3.476214	0.9234175
1596	-1080.894	-1688.813	607.9194	1.590831	3.177514	0.9057668
1602	-1092.82	-1701.088	608.268	1.580032	2.421949	0.9091629
1608	-1080.523	-1688.818	608.295	1.526488	2.421949	0.9380728
1614	-1084.929	-1693.112	608.1837	1.533591	2.617199	0.9474108
1620	-1081.823	-1689.995	608.172	1.43045	2.617199	1.061905
1626	-1086.282	-1694.105	607.8237	1.236269	2.61755	1.508584
1632	-1082.406	-1690.34	607.9345	1.22172	3.158419	1.246256
1638	-1078.552	-1685.951	607.3986	1.16721	3.149837	1.697775
1644	-1078.781	-1686.873	608.0926	1.181857	2.763951	1.288608
1650	-1085.845	-1693.414	607.5694	1.053629	2.855464	1.745594
1656	-1080.104	-1687.768	607.6641	1.209298	3.570311	1.346469
1662	-1075.04	-1682.846	607.8062	1.203606	2.504282	1.586043
1668	-1076.476	-1683.983	607.507	1.12379	3.230275	1.62808
1674	-1068.027	-1675.781	607.7544	1.19115	2.346827	1.689388
1680	-1070.162	-1678.066	607.9045	1.156221	2.132199	1.689388
1686	-1077.021	-1684.55	607.5287	1.195429	2.86864	1.669984
1692	-1077.429	-1684.959	607.5294	1.208368	2.86864	1.660262
1698	-1073.867	-1681.282	607.4158	1.14215	2.581013	1.877782
1704	-1075.971	-1682.798	606.8277	1.012948	3.658437	2.059142
1710	-1067.673	-1674.775	607.1022	0.9680584	1.730696	2.502396
1716	-1073.336	-1681.057	607.7204	1.045814	2.427445	1.786384
1722	-1072.89	-1679.982	607.0925	1.019376	3.65807	1.877382
1728	-1075.039	-1682.452	607.4133	1.186677	3.010803	1.714544
1734	-1076.826	-1684.65	607.8246	1.239247	3.010803	1.370705
1740	-1062.84	-1670.561	607.7207	1.240739	3.010803	1.450048
1746	-1063.606	-1671.932	608.3257	1.29457	1.745455	1.44959
1752	-1061.723	-1669.777	608.0544	1.49461	2.967276	0.9585671
1758	-1068.313	-1676.085	607.772	1.397797	2.967276	1.300791
1764	-1068.932	-1676.84	607.9082	1.363289	3.243128	1.116589
1770	-1054.504	-1662.748	608.244	1.280249	2.530284	1.170532
1776	-1060.927	-1669.251	608.3248	1.423033	1.749377	1.348316
1782	-1065.063	-1673.185	608.1224	1.327151	2.212068	1.367207
1788	-1068.594	-1676.357	607.7635	1.140672	2.613007	1.624645
1794	-1074.227	-1681.844	607.6167	1.140672	2.713043	1.696222
1800	-1069.901	-1677.8	607.8989	1.220802	2.223945	1.61101
1806	-1057.62	-1665.583	607.9627	1.18026	2.223945	1.594089
1812	-1060.948	-1669.477	608.5298	1.362976	1.929674	1.13184
1818	-1056.202	-1664.37	608.168	1.464243	2.676346	1.006123
1824	-1049.957	-1657.827	607.87	1.483108	3.747388	0.8366736
1830	-1059.099	-1667.318	608.2185	1.582278	2.725029	0.789084
1836	-1057.785	-1666.147	608.3621	1.582278	2.203986	0.9285916
1842	-1071.268	-1679.713	608.445	1.460361	2.035336	1.062932
1848	-1065.35	-1673.499	608.149	1.523667	2.554073	1.023406
1854	-1086.564	-1694.695	608.1316	1.525036	2.902782	0.8705127
1860	-1090.092	-1698.088	607.996	1.630496	2.902782	0.9049781
1866	-1087.148	-1695.326	608.1777	1.540959	2.733341	0.8864383
1872	-1100.291	-1707.823	607.5321	1.204029	2.847292	1.668164
1878	-1089.009	-1696.185	607.1766	1.266877	3.938742	1.574255
1884	-1090.497	-1697.54	607.0429	0.9951875	2.838787	2.144716
1890	-1083.715	-1691.917	608.2026	1.598462	2.632686	0.844199
1896	-1095.336	-1703.008	607.6725	1.574774	4.053626	0.8373017
1902	-1098.202	-1705.914	607.7123	1.581925	4.185943	0.7087719
1908	-1080.997	-1689.19	608.1929	1.828516	2.516593	0.5009288
1914	-1080.542	-1689.003	608.4614	1.866898	1.925683	0.5869314
1920	-1089.254	-1697.141	607.8877	1.227801	2.455016	1.526085
1926	-1074.83	-1682.583	607.7526	1.236858	2.685761	1.53723
1932	-1075.776	-1683.648	607.8717	1.262956	2.54333	1.479229
1938	-1082.986	-1690.718	607.7319	1.051089	2.312844	1.815494
1944	-1099.115	-1707.07	607.9548	1.051312	1.356994	2.075584
1950	-1093.18	-1700.971	607.7912	1.872893	3.336507	0.487046
1956	-1084.188	-1691.671	607.4831	1.895398	4.137776	0.5066063
1962	-1106.759	-1714.269	607.5106	1.09392	2.90567	1.743133
1968	-1112.657	-1720.088	607.432	1.210338	2.347668	1.899357
1974	-1086.006	-1694.007	608.0016	1.699589	3.16599	0.6352938
1980	-1091.16	-1698.989	607.8289	1.842106	3.16599	0.6961626
1986	-1073.418	-1681.301	607.883	1.842106	3.132065	0.6097285
1992	-1065.163	-1673.033	607.87	1.842106	3.209002	0.5387165
1998	-1069.562	-1677.778	608.2156	1.858704	2.404723	0.5387165
2004	-1107.296	-1715.025	607.7294	1.241772	2.414063	1.646532
2010	-1067.409	-1675.449	608.0394	1.564019	3.094168	0.8364982
2016	-1080.84	-1688.815	607.9749	1.778328	3.094168	0.5682327
2022	-1073.066	-1681.143	608.0767	1.563447	3.162445	0.7486798
2028	-1087.012	-1694.762	607.7502	1.601108	3.619228	0.8934641
2034	-1098.435	-1706.222	607.7866	1.132881	2.42076	1.681062
2040	-1087.56	-1695.614	608.0534	1.078507	2.209317	1.607895
2046	-1072.476	-1679.471	606.9953	1.111593	2.7026	2.140094
2052	-1066.805	-1674.196	607.3906	1.13973	2.390932	1.959961
2058	-1069.58	-1677.286	607.7055	1.112943	2.390932	1.762905
2064	-1061.482	-1669.177	607.695	1.049892	2.100399	1.920314
2070	-1067.006	-1674.071	607.0649	1.000343	2.978785	2.087021
2076	-1066.206	-1673.653	607.4471	0.9988695	2.009302	2.153111
2082	-1067.17	-1674.862	607.6921	1.277825	2.415385	1.646919
2088	-1078.057	-1686.351	608.2947	1.403075	1.276135	1.646919
2094	-1084.955	-1692.765	607.8097	1.418563	1.945336	1.646919
2100	-1089.859	-1698.033	608.174	1.419952	2.167212	1.270658
2106	-1082.792	-1690.812	608.0203	1.505426	2.335392	1.252727
2112	-1083.357	-1691.154	607.7978	1.432917	3.827187	0.9443868
2118	-1086.316	-1694.137	607.8213	1.412824	3.60362	1.022258
2124	-1101.154	-1708.68	607.5267	1.119432	2.756792	1.760342
2130	-1092.572	-1700.511	607.9389	1.217223	2.458149	1.49456
2136	-1097.267	-1704.497	607.2298	1.049356	3.416074	1.824474
2142	-1108.184	-1716.335	608.1507	1.309615	2.570262	1.209059
2148	-1100.781	-1708.333	607.5524	1.164667	2.356072	1.845386
2154	-1089.922	-1698.046	608.1242	1.298021	2.542531	1.252375
2160	-1101.503	-1708.428	606.9254	1.071458	4.265108	1.814825
2166	-1079.422	-1686.876	607.4548	1.015348	2.332045	2.020377
2172	-1069.4	-1676.99	607.59	1.003688	2.043249	2.043191
2178	-1076.141	-1683.622	607.4813	0.9894592	1.452626	2.373345
2184	-1083.118	-1690.059	606.9406	1.012012	1.882123	2.51578
2190	-1090.633	-1697.565	606.9317	1.167655	2.787711	2.11959
2196	-1068.212	-1675.746	607.5341	1.167655	2.454044	1.821783
2202	-1078.783	-1686.894	608.1104	1.158949	2.281495	1.477601
2208	-1088.426	-1696.36	607.9346	1.180332	2.515322	1.504296
2214	-1100.426	-1708.093	607.6667	1.385309	3.663269	1.169877
2220	-1093.599	-1701.829	608.2305	1.4702	2.771177	0.887257
2226	-1094.927	-1703.317	608.3902	1.576888	2.411815	0.7675146
2232	-1075.291	-1683.153	607.862	1.408443	3.094831	1.171096
2238	-1079.751	-1687.88	608.1293	1.591762	2.48261	1.010173
2244	-1078.3	-1686.389	608.0887	1.685897	2.872193	0.7306191
2250	-1093.98	-1702.138	608.1578	1.413731	2.408384	1.182124
2256	-1082.275	-1690.217	607.9425	1.419941	2.895706	1.164744
2262	-1101.134	-1709.288	608.1536	1.488562	2.674778	0.9968891
2268	-1088.655	-1696.65	607.9947	1.577982	3.201979	0.8197408
2274	-1095.524	-1703.472	607.9478	1.624886	3.201979	0.8197408
2280	-1090.085	-1698.059	607.9744	1.576863	3.124477	0.8838534
2286	-1081.022	-1689.262	608.2405	1.576863	2.528928	0.8838534
2292	-1090.705	-1698.663	607.9585	1.455744	2.341334	1.340991
2298	-1089.561	-1697.508	607.9475	1.407381	2.341334	1.387826
2304	-1103.479	-1711.527	608.0483	1.556046	3.12668	0.8183929
2310	-1099.997	-1708.313	608.3154	1.596386	2.522719	0.7677565
2316	-1088.956	-1696.979	608.0231	1.596386	3.121062	0.8016582
2322	-1091.214	-1698.685	607.4716	1.009839	2.486516	1.960556
2328	-1078.933	-1685.953	607.02	1.147827	3.189951	1.960556
2334	-1091.337	-1698.351	607.0143	1.063845	2.945425	2.087962
2340	-1077.892	-1684.965	607.0733	0.8581331	2.13181	2.437449
2346	-1082.733	-1689.522	606.7887	0.7267403	2.30317	2.638768
2352	-1093.966	-1700.573	606.6061	0.7835184	2.106149	2.78156
2358	-1094.741	-1701.932	607.1918	0.8025327	1.841737	2.505387
2364	-1097.008	-1705.111	608.1024	1.466365	2.207193	1.273442
2370	-1094.411	-1703.109	608.6981	1.578477	1.692004	0.9017037
2376	-1089.038	-1696.955	607.9165	1.42903	3.24191	1.04819
2382	-1094.827	-1701.531	606.7038	0.8659793	2.013726	2.703778
2388	-1073.802	-1680.584	606.782	0.8488988	2.609061	2.472092
2394	-1084.533	-1690.892	606.3588	0.8622702	2.45193	2.772622
2400	-1081.934	-1689.283	607.3488	0.9153604	2.589683	2.071726
2406	-1089.27	-1697.278	608.0088	1.054894	1.596725	1.918146
2412	-1095.76	-1703.677	607.9176	1.121435	1.459896	2.00121
2418	-1087.82	-1695.725	607.9048	1.306963	2.561265	1.413613
2424	-1094.495	-1701.594	607.0994	1.126411	3.318578	1.886848
2430	-1086.463	-1694.129	607.6658	1.126411	3.232684	1.508814
2436	-1077.494	-1684.65	607.1557	1.270035	2.528772	1.98401
2442	-1063.509	-1671.288	607.7794	1.397811	3.115125	1.243511
2448	-1060.299	-1668.253	607.9542	1.434314	2.525365	1.287101
2454	-1057.154	-1665.457	608.3032	1.411964	2.247806	1.129193
2460	-1068.823	-1677.256	608.4332	1.411964	2.183887	1.040577
2466	-1071.572	-1679.205	607.6329	1.195013	3.292868	1.463965
2472	-1081.381	-1689.232	607.8512	1.231131	2.793202	1.430183
2478	-1095.991	-1703.63	607.6385	1.231131	2.756159	1.601427
2484	-1087.37	-1695.332	607.9614	1.16086	2.725993	1.422979
2490	-1079.545	-1687.725	608.1802	1.374057	2.686145	1.076757
2496	-1085.958	-1693.839	607.881	1.402149	3.221163	1.114029
2502	-1085.057	-1693.335	608.2779	1.372842	2.434198	1.099994
2508	-1086.424	-1694.398	607.9746	1.460254	2.740342	1.162116
2514	-1069.561	-1677.528	607.9668	1.366289	2.970515	1.162116
2520	-1066.927	-1674.388	607.461	1.444042	4.379836	1.085715
2526	-1065.707	-1673.522	607.8155	1.278743	2.227568	1.628013
2532	-1078.884	-1686.118	607.2344	1.239714	2.766191	1.876081
2538	-1094.904	-1701.197	606.2937	1.031217	1.958897	2.87272
2544	-1078.397	-1685.7	607.3027	1.170237	2.13682	2.087877
2550	-1083.785	-1690.485	606.6998	0.9992177	2.966165	2.327296
2556	-1087.979	-1694.877	606.8977	1.107665	3.072259	2.100392
2562	-1082.856	-1690.53	607.6738	1.186737	3.077988	1.504987
2568	-1083.254	-1691.038	607.7846	1.231341	2.291932	1.659589
2574	-1086.915	-1694.536	607.6212	1.237844	3.365061	1.418523
2580	-1096.458	-1704.053	607.5952	1.216259	2.932589	1.586848
2586	-1099.415	-1706.992	607.5768	1.047067	3.032827	1.691032
2592	-1086.585	-1694.029	607.4436	1.141336	2.576684	1.860786
2598	-1088.777	-1695.969	607.192	0.9774577	3.031118	2.003323
2604	-1097.812	-1705.217	607.4055	1.026069	2.93865	1.852997
2610	-1093.837	-1699.887	606.0505	0.8206304	2.311475	3.027465
2616	-1090.763	-1697.159	606.3961	0.9996806	2.857104	2.547969
2622	-1087.684	-1694.709	607.0259	1.022535	2.614641	2.204784
2628	-1088.244	-1695.957	607.7131	1.117436	2.536581	1.703458
2634	-1086.894	-1694.083	607.1892	1.027304	2.251035	2.214388
2640	-1092.886	-1700.326	607.4403	1.027304	1.818232	2.214388
2646	-1098.912	-1706.436	607.5248	1.202981	2.566158	1.765649
2652	-1095.559	-1702.917	607.3574	1.112146	2.821872	1.862089
2658	-1095.656	-1703.07	607.4133	0.9875725	2.169627	2.123254
2664	-1096.818	-1704.367	607.5486	1.14888	2.452165	1.82538
2670	-1099.558	-1706.965	607.4067	1.109377	2.8376	1.82538
2676	-1102.132	-1710.041	607.9089	1.109377	1.87291	1.82538
2682	-1097.552	-1704.72	607.1686	1.167117	2.894488	1.931206
2688	-1088.942	-1696.462	607.5201	1.131009	3.073403	1.659514
2694	-1095.229	-1703.029	607.7994	1.189956	3.073403	1.408349
2700	-1083.07	-1690.543	607.4723	1.189141	3.303405	1.584734
2706	-1094.536	-1702.568	608.0313	1.194865	2.199529	1.542683
2712	-1085.82	-1693.532	607.7122	1.278461	2.462623	1.614922
2718	-1087.172	-1695.114	607.942	1.141907	2.691247	1.464539
2724	-1075.248	-1683.166	607.9183	1.219134	2.748997	1.403044
2730	-1089.872	-1697.588	607.7152	1.18424	2.748997	1.582114
2736	-1100.747	-1708.298	607.5506	1.132315	2.748997	1.737065
2742	-1102.275	-1709.431	607.1559	1.082174	3.361406	1.867089
2748	-1093.765	-1701.919	608.1535	1.311462	2.674591	1.162298
2754	-1076.56	-1684.395	607.8353	1.473655	3.184616	1.103934
2760	-1097.997	-1705.772	607.7752	1.148176	2.816088	1.542271
2766	-1091.071	-1698.681	607.6104	1.064517	2.095782	1.969131
2772	-1086.766	-1694.325	607.5595	1.039486	2.40111	1.910128
2778	-1091.072	-1697.863	606.7912	0.9232361	2.40111	2.483735
2784	-1094.125	-1701.14	607.0154	1.046293	2.913717	2.107732
2790	-1101.086	-1708.066	606.98	1.038693	3.433158	1.996504
2796	-1099.22	-1705.825	606.6048	0.8659739	2.370339	2.644797
2802	-1103.062	-1711.201	608.1387	1.647436	2.749459	0.7938225
2808	-1078.896	-1686.974	608.078	1.610295	2.84991	0.860572
2814	-1085.426	-1693.646	608.2204	1.499462	2.72676	0.8885215
2820	-1078.494	-1686.734	608.2396	1.385919	2.242005	1.210137
2826	-1079.32	-1687.01	607.6901	1.267723	2.404559	1.65958
2832	-1064.886	-1672.552	607.6654	1.151296	3.610423	1.379642
2838	-1077.109	-1684.179	607.0703	1.114525	3.610423	1.83933
2844	-1085.259	-1693.549	608.2891	1.159601	1.507295	1.696084
2850	-1094.686	-1702.292	607.6062	1.264795	2.811639	1.58223
2856	-1088.555	-1696.367	607.8119	1.264795	2.219613	1.643693
2862	-1086.309	-1693.92	607.6111	1.102355	2.956883	1.650188
2868	-1069.29	-1677.196	607.9064	1.23007	3.138411	1.269391
2874	-1061.025	-1668.364	607.3397	1.235109	3.00551	1.733838
2880	-1073.075	-1680.599	607.5241	1.235049	2.648263	1.716241
2886	-1075.153	-1683.415	608.2624	1.235049	2.043286	1.403552
2892	-1082.197	-1690.044	607.847	1.601999	3.023742	1.034832
2898	-1071.1	-1679.381	608.2807	1.568285	2.222339	1.016572
2904	-1075.092	-1682.762	607.6705	1.371929	2.735914	1.480389
2910	-1076.012	-1683.838	607.8257	1.164787	2.333521	1.662232
2916	-1076.085	-1684.084	607.9988	1.263434	2.510462	1.393667
2922	-1083.619	-1691.4	607.7814	1.151045	3.339145	1.369097
2928	-1079.357	-1686.492	607.1352	0.9909565	2.622969	2.151795
2934	-1092.827	-1699.446	606.6186	0.9732928	2.223679	2.617666
2940	-1088.492	-1696.422	607.9292	1.416606	2.400582	1.371099
2946	-1095.103	-1703.276	608.1739	1.238358	2.110248	1.439861
2952	-1095.414	-1702.926	607.5121	1.116023	2.187797	1.966191
2958	-1086.464	-1694.281	607.8167	1.128044	2.91447	1.493948
2964	-1084.481	-1692.34	607.8596	1.251754	2.91447	1.365815
2970	-1077.704	-1685.007	607.3032	1.19913	3.187159	1.731871
2976	-1080.155	-1688.435	608.2803	1.236955	1.931096	1.439337
2982	-1073.264	-1681.096	607.832	1.261556	2.486387	1.530837
2988	-1069.243	-1677.257	608.0137	1.261556	2.486387	1.392736
2994	-1079.637	-1686.834	607.1972	0.9218164	3.756114	1.848492
3000	-1082.925	-1690.097	607.1715	0.9736763	2.213065	2.273415
3006	-1085.568	-1692.768	607.2003	0.9159093	2.548852	2.181274
3012	-1077.514	-1684.758	607.244	0.8749474	2.109166	2.326818
3018	-1084.185	-1692.526	608.3411	1.132301	1.413588	1.728306
3024	-1085.431	-1693.333	607.9022	1.145808	2.310318	1.62966
3030	-1101.853	-1708.913	607.0606	1.153467	3.763862	1.781034
3036	-1085.809	-1693.335	607.5255	1.147797	2.962104	1.677231
3042	-1091.132	-1698.72	607.5882	1.281477	2.962104	1.534629
3048	-1088.944	-1696.553	607.6092	1.281477	2.962104	1.519007
3054	-1094.416	-1702.491	608.0752	1.446852	2.599168	1.143279
3060	-1101.178	-1709.393	608.2152	1.514502	2.363034	1.060095
3066	-1101.623	-1710.176	608.5531	1.325035	1.624544	1.310998
3072	-1118.868	-1726.227	607.3583	1.232546	4.207623	1.395816
3078	-1109.478	-1717.418	607.9399	1.287575	2.992155	1.244568
3084	-1102.923	-1711	608.0775	1.374504	2.738212	1.147846
3090	-1089.759	-1697.33	607.5703	1.155176	2.471431	1.799402
3096	-1096.179	-1704.23	608.051	1.221955	1.799256	1.679479
3102	-1094.831	-1703.598	608.7663	1.173506	1.285307	1.462793
3108	-1087.157	-1695.395	608.2377	1.145267	2.1088	1.462793
3114	-1081.115	-1688.671	607.5563	1.024532	2.1088	2.027003
3120	-1080.675	-1687.952	607.2777	0.9799431	2.412906	2.133049
3126	-1084.18	-1692.053	607.8732	1.187221	2.324714	1.615199
3132	-1093.359	-1701.447	608.0878	1.256287	1.916712	1.57543
3138	-1101.128	-1709.097	607.9691	1.211254	2.235761	1.562076
3144	-1106.629	-1714.668	608.0385	1.287982	2.963996	1.1703
3150	-1102.444	-1710.587	608.1426	1.499302	2.411582	1.118418
3156	-1100.841	-1709.029	608.1876	1.351563	2.411582	1.208494
3162	-1084.791	-1691.946	607.1542	1.241921	4.059475	1.579185
3168	-1092.974	-1700.779	607.8056	1.278601	2.854538	1.407617
3174	-1092.288	-1700.048	607.76	1.372689	3.25482	1.233409
3180	-1087.817	-1695.792	607.9756	1.346678	2.708854	1.270015
3186	-1075.913	-1684.247	608.3345	1.364031	2.260637	1.137922
3192	-1069.53	-1678.214	608.684	1.548027	1.82094	0.8561707
3198	-1058.587	-1666.636	608.0484	1.566614	3.15324	0.7898706
3204	-1065.533	-1673.478	607.945	1.515592	2.595881	1.198298
3210	-1091.428	-1699.782	608.3548	1.506741	1.955217	1.145962
3216	-1075.128	-1683.574	608.4457	1.581388	2.004921	0.9599344
3222	-1074.231	-1682.201	607.97	1.868871	2.764061	0.704264
3228	-1073.822	-1681.938	608.1169	1.71903	2.764061	0.7094055
3234	-1087.796	-1696.09	608.2937	1.637777	2.30017	0.885664
3240	-1084.625	-1692.588	607.9631	1.556097	3.007675	0.9716026
3246	-1086.55	-1695.063	608.513	1.620642	2.109752	0.7595415
3252	-1076.873	-1685.09	608.2167	1.60383	2.664344	0.8003946
3258	-1076.465	-1684.423	607.9581	1.37753	3.085623	1.116577
3264	-1087.334	-1695.796	608.462	1.448438	1.928502	1.116577
3270	-1092.782	-1701.488	608.7054	1.473511	1.707751	0.9940966
3276	-1080.263	-1688.784	608.5216	1.411925	1.971235	1.071713
3282	-1095.006	-1703.722	608.716	1.417223	1.46951	1.191087
3288	-1089.185	-1697.407	608.2214	1.452816	2.186623	1.194188
3294	-1094.95	-1702.834	607.8845	1.439606	2.938502	1.181944
3300	-1082.572	-1691.084	608.5119	1.425914	1.776472	1.176355
3306	-1095.419	-1703.831	608.412	1.466754	2.171189	1.014716
3312	-1113.754	-1721.478	607.7246	1.080267	2.321367	1.7973
3318	-1101.85	-1708.985	607.1341	1.3322	2.652995	1.916794
3324	-1095.838	-1703.95	608.1118	1.361813	2.713947	1.138508
3330	-1091.03	-1698.801	607.771	1.505645	3.488923	1.022299
3336	-1086.475	-1694.655	608.1801	1.584877	2.59109	0.9092441
3342	-1080.387	-1688.763	608.3755	1.584877	2.130093	0.9548591
3348	-1076.967	-1685.357	608.3903	1.716371	2.247191	0.6800753
3354	-1079.568	-1687.721	608.1532	1.716371	2.604601	0.7717669
3360	-1075.635	-1684.146	608.5109	1.769682	1.956579	0.6606859
3366	-1073.543	-1681.669	608.1257	1.807955	2.537652	0.7235593
3372	-1075.67	-1683.693	608.0233	1.807955	2.886277	0.604213
3378	-1077.773	-1685.782	608.0095	1.714238	3.103383	0.6425972
3384	-1083.538	-1691.326	607.7877	1.640077	3.702729	0.7577447
3390	-1087.077	-1695.244	608.1665	1.60548	2.499028	0.9498806
3396	-1080.172	-1688.254	608.0818	1.55917	2.906756	0.8866607
3402	-1071.54	-1679.329	607.7887	1.402567	3.776153	1.003308
3408	-1060.458	-1668.186	607.7288	1.504667	3.577424	1.032224
3414	-1075.834	-1683.841	608.0079	1.486867	3.0259	0.9886773
3420	-1095.72	-1704.276	608.5566	1.494964	1.966937	0.957793
3426	-1095.66	-1703.744	608.0836	1.632119	3.035152	0.7122992
3432	-1098.874	-1707.588	608.7137	1.702863	1.638078	0.7729473
3438	-1101.689	-1709.774	608.0843	1.690464	2.848808	0.74645
3444	-1102.653	-1711.131	608.4787	1.562192	1.867126	1.029523
3450	-1085.552	-1693.617	608.0649	1.66836	2.941579	0.7478904
3456	-1101.725	-1709.497	607.7727	1.798189	3.479088	0.652626
3462	-1104.69	-1712.805	608.1152	1.788614	2.754717	0.5535337
3468	-1095.71	-1703.878	608.1676	1.776053	2.615196	0.6334483
3474	-1087.899	-1695.613	607.714	1.919727	3.414527	0.4836328
3480	-1088.537	-1696.332	607.7954	1.953459	3.117374	0.459908
3486	-1065.109	-1673.136	608.027	1.82808	2.875657	0.4961121
3492	-1070.587	-1678.351	607.7641	1.82808	3.521239	0.530447
3498	-1084.463	-1692.409	607.9463	1.513402	3.662777	0.7310171
3504	-1097.342	-1705.208	607.8654	1.690727	3.519819	0.651467
3510	-1076.344	-1684.067	607.7238	1.623811	3.986487	0.7294306
3516	-1069.187	-1677.252	608.0652	1.623811	3.074009	0.7294306
3522	-1079.437	-1687.209	607.7716	1.455177	4.0966	0.8450453
3528	-1081.152	-1689.108	607.9552	1.486045	2.647736	1.193865
3534	-1084.911	-1693.207	608.2962	1.466832	2.40346	1.007887
3540	-1079.868	-1688.464	608.5958	1.44906	1.805095	1.06294
3546	-1076.512	-1684.184	607.6723	1.336407	3.272189	1.32943
3552	-1080.678	-1688.46	607.782	1.57284	3.571443	0.9091664
3558	-1089.305	-1697.432	608.1269	1.859707	2.480307	0.6802716
3564	-1099.479	-1708.038	608.5589	1.831803	1.808746	0.616467
3570	-1085.262	-1693.611	608.3485	1.811243	2.232577	0.5628115
3576	-1084.642	-1692.893	608.2515	1.608961	2.300425	0.9629043
3582	-1092.403	-1700.806	608.4028	1.718439	2.139522	0.7532017
3588	-1079.96	-1688.622	608.6622	1.651942	1.82542	0.7425238
3594	-1081.901	-1690.009	608.1076	1.659198	2.931902	0.7002793
3600	-1078.897	-1686.703	607.8057	1.674294	3.576338	0.7484324
3606	-1091.699	-1699.521	607.822	1.496462	3.165831	1.102173
3612	-1086.19	-1694.348	608.1579	1.296295	2.121891	1.402467
3618	-1089.968	-1698.524	608.5559	1.296295	1.498636	1.402467
3624	-1082.37	-1690.284	607.9147	1.592426	2.960655	1.004189
3630	-1100.573	-1708.675	608.1022	1.566496	2.73713	0.9397273
3636	-1090.029	-1698.132	608.1024	1.566496	3.016275	0.7940384
3642	-1079.34	-1687.974	608.6341	1.232342	1.532216	1.372264
3648	-1078.406	-1686.251	607.8447	1.261136	2.000494	1.710814
3654	-1082.579	-1690.561	607.982	1.252058	2.774913	1.317338
3660	-1074.156	-1682.004	607.8477	1.317323	2.774913	1.372258
3666	-1069.423	-1677.383	607.9598	1.317323	2.774913	1.282382
3672	-1085.727	-1693.501	607.7741	1.296055	3.192106	1.305785
3678	-1079.744	-1687.712	607.9687	1.284641	2.764018	1.305785
3684	-1081.391	-1689.312	607.9217	1.322339	3.070084	1.20283
3690	-1088.297	-1695.06	606.7636	1.001055	3.509821	2.144882
3696	-1090.799	-1697.8	607.0016	1.00453	2.793007	2.178811
3702	-1090.002	-1697.054	607.0516	0.9403805	2.018182	2.440087
3708	-1082.446	-1689.531	607.0849	0.9736775	2.549966	2.218271
3714	-1087.292	-1695.002	607.7103	0.9890645	2.014082	1.984168
3720	-1080.432	-1687.605	607.1738	1.061567	2.555747	2.101417
3726	-1084.337	-1691.728	607.3913	0.9751479	2.555152	2.015005
3732	-1078.563	-1686.434	607.8714	1.183541	2.496132	1.55584
3738	-1077.393	-1685.486	608.0931	1.357414	2.589095	1.209646
3744	-1083.252	-1691.849	608.5965	1.343331	1.806011	1.158017
3750	-1073.875	-1681.917	608.0415	1.419755	2.765934	1.128322
3756	-1076.022	-1683.426	607.4043	1.195303	2.785694	1.783686
3762	-1073.277	-1680.628	607.3505	1.178934	2.362428	1.970349
3768	-1089.435	-1696.943	607.508	1.011462	1.853898	2.166285
3774	-1082.148	-1689.128	606.9807	0.878496	1.998951	2.530273
3780	-1093.167	-1699.77	606.603	0.9807098	2.988321	2.394451
3786	-1081.05	-1688.245	607.1955	0.929297	1.735775	2.466181
3792	-1075.821	-1683.349	607.5282	0.9721676	3.036778	1.776615
3798	-1073.384	-1680.936	607.5525	1.141533	3.13707	1.609592
3804	-1079.238	-1686.915	607.6773	1.093519	2.383505	1.798644
3810	-1077.071	-1684.761	607.6895	1.171567	3.235802	1.455923
3816	-1078.066	-1685.582	607.5159	1.078404	2.219755	1.977231
3822	-1086.097	-1693.75	607.6531	1.055912	2.625077	1.759134
3828	-1087.698	-1695.271	607.5725	1.165145	2.688932	1.718055
3834	-1087.611	-1695.378	607.7668	1.240531	3.461068	1.271134
3840	-1092.339	-1700.548	608.2089	1.455441	2.383061	1.11124
3846	-1094.555	-1702.724	608.1684	1.386572	2.339132	1.226595
3852	-1079.816	-1687.428	607.6123	1.325948	2.684316	1.575468
3858	-1095.034	-1702.963	607.929	1.231433	2.778221	1.374695
3864	-1098.937	-1706.928	607.9913	1.281152	2.108894	1.545601
3870	-1095.921	-1703.906	607.9851	1.459922	2.365121	1.306381
3876	-1092.037	-1700.004	607.9664	1.273108	2.365121	1.467135
3882	-1081.203	-1689.196	607.9929	1.281386	2.684333	1.318412
3888	-1087.94	-1695.683	607.7425	1.091636	2.512104	1.709368
3894	-1093.297	-1699.918	606.621	1.091636	2.637706	2.412201
3900	-1080.968	-1688.69	607.7217	1.359214	3.602603	1.163886
3906	-1072.393	-1680.323	607.9298	1.359214	2.895528	1.227919
3912	-1083.23	-1691.202	607.9722	1.451732	2.882435	1.11511
3918	-1082.583	-1690.461	607.8785	1.515213	3.335029	0.9637043
3924	-1086.764	-1694.456	607.6923	1.515213	3.672335	1.023818
3930	-1099.811	-1707.733	607.9218	1.300367	3.02297	1.238034
3936	-1084.341	-1692.038	607.6978	1.336791	3.49442	1.238034
3942	-1077.275	-1685.203	607.9271	1.551668	3.198442	0.9310465
3948	-1074.058	-1681.764	607.7061	1.33838	3.23658	1.312062
3954	-1075.883	-1683.363	607.48	1.272944	3.723995	1.397392
3960	-1092.874	-1700.894	608.02	1.348229	2.655434	1.252545
3966	-1084.137	-1691.54	607.4031	1.166256	2.478341	1.903999
3972	-1061.073	-1668.426	607.3531	1.002325	2.842434	1.933363
3978	-1078.457	-1685.995	607.5375	1.002325	2.121263	2.049542
3984	-1065.175	-1672.443	607.2674	0.9717149	3.11982	1.931882
3990	-1074.982	-1682.197	607.215	0.92771	2.371269	2.221397
3996	-1073.331	-1680.764	607.4323	0.9886208	2.371269	2.039607
4002	-1071.913	-1679.395	607.4811	1.21204	2.964551	1.662317
4008	-1081.957	-1689.414	607.457	1.106518	2.400478	1.934357
4014	-1086.084	-1693.375	607.2911	0.9609849	2.402374	2.140099
4020	-1098.807	-1706.527	607.7209	1.169334	2.044129	1.843178
4026	-1099.357	-1706.916	607.5592	1.099654	2.226843	1.931316
4032	-1077.334	-1684.62	607.2856	1.099654	2.751787	1.940718
4038	-1087.155	-1694.543	607.3886	1.084213	3.40164	1.693033
4044	-1105.382	-1713.391	608.0088	1.08152	1.795335	1.809293
4050	-1094.951	-1702.558	607.6075	1.297409	2.495199	1.665014
4056	-1083.095	-1691.177	608.0817	1.520909	2.632421	1.054854
4062	-1095.244	-1702.566	607.3224	1.383338	3.442904	1.512214
4068	-1100.973	-1708.135	607.1616	1.048468	3.546622	1.838166
4074	-1080.734	-1688.381	607.6471	1.930369	3.560091	0.4691577
4080	-1086.794	-1694.731	607.9369	1.898213	2.92128	0.5023033
4086	-1086.792	-1694.889	608.0971	1.828812	2.610799	0.6754157
4092	-1080.934	-1688.598	607.6633	1.025212	2.244437	1.904858
4098	-1080.074	-1687.373	607.2987	1.131896	3.172176	1.78621
4104	-1086.976	-1693.698	606.7223	0.8799932	3.376686	2.282476
4110	-1097.667	-1704.136	606.469	0.9445229	2.184466	2.740421
4116	-1093.51	-1700.196	606.6859	0.8719266	2.503357	2.549613
4122	-1093.215	-1700.083	606.8678	0.9011334	2.036555	2.572736
4128	-1093.248	-1699.794	606.5462	0.805119	3.359632	2.44578
4134	-1086.614	-1693.759	607.1454	0.9331103	2.864351	2.110892
4140	-1083.368	-1689.462	606.0941	0.8619354	3.980014	2.552637
4146	-1082.429	-1689.88	607.4505	0.8619354	1.81066	2.31701
4152	-1081.675	-1687.815	606.1402	0.9067253	2.165815	2.968913
4158	-1074.886	-1682.023	607.1374	1.032608	2.150446	2.279463
4164	-1081.013	-1688.667	607.6538	0.9692644	2.030056	2.028832
4170	-1083.739	-1690.783	607.0438	1.084706	2.528969	2.179602
4176	-1093.304	-1700.245	606.9416	1.012759	2.111185	2.430264
4182	-1078.521	-1685.989	607.4685	1.051436	2.712179	1.861651
4188	-1078.404	-1685.939	607.5351	1.258221	2.712179	1.67087
4194	-1075.375	-1682.805	607.4302	1.281872	3.152396	1.591951
4200	-1070.828	-1678.989	608.1616	1.309235	2.421784	1.26164
4206	-1071.783	-1679.939	608.1554	1.305699	2.013868	1.444724
4212	-1076.083	-1683.271	607.1879	1.148068	2.587686	2.024867
4218	-1076.897	-1683.577	606.6794	1.043061	2.950449	2.316698
4224	-1074.549	-1682.034	607.4846	1.108351	2.904942	1.751422
4230	-1064.442	-1672.305	607.863	1.188255	2.922917	1.409929
4236	-1073.553	-1681.269	607.7157	1.188255	2.802876	1.560893
4242	-1071.149	-1679.162	608.0132	1.21899	2.247467	1.519048
4248	-1065.311	-1673.062	607.7509	1.065522	2.285776	1.802192
4254	-1062.73	-1670.862	608.1321	1.249457	1.833936	1.585387
4260	-1077.709	-1685.13	607.4214	1.073202	3.053525	1.775745
4266	-1076.94	-1683.878	606.9384	1.062735	4.376014	1.787561
4272	-1069.254	-1676.396	607.142	1.053321	3.125017	1.959912
4278	-1080.74	-1688.992	608.2523	1.152551	1.60543	1.677489
4284	-1082.625	-1690.088	607.4628	1.033544	2.804094	1.849229
4290	-1086	-1693.578	607.5786	1.177773	2.395046	1.804597
4296	-1086.902	-1694.195	607.2924	1.063423	2.732433	1.966403
4302	-1076.745	-1684.001	607.2566	1.058834	2.122221	2.195943
4308	-1083.912	-1691.198	607.2856	1.058834	2.223036	2.141069
4314	-1073.839	-1680.573	606.7336	0.9704535	2.997498	2.315601
4320	-1075.745	-1682.888	607.1424	1.08994	2.632628	2.079274
4326	-1081.028	-1688.988	607.9597	1.069505	1.73375	1.878547
4332	-1078.951	-1686.553	607.6021	1.005666	3.220735	1.647395
4338	-1083.1	-1691.204	608.1035	1.21818	1.793216	1.647395
4344	-1083.505	-1692.273	608.7673	1.383671	1.56733	1.112499
4350	-1076.903	-1684.963	608.0603	1.383671	2.800099	1.129995
4356	-1070.325	-1678.868	608.543	1.457775	2.081128	0.9413852
4362	-1069.253	-1677.275	608.0225	1.563317	3.137456	0.8362388
4368	-1077.914	-1686.165	608.2508	1.502605	2.589827	0.9226451
4374	-1100.109	-1708.31	608.2012	1.572379	2.462563	0.967109
4380	-1099.492	-1707.557	608.065	1.400904	2.633988	1.178146
4386	-1099.792	-1707.648	607.8565	1.340383	2.488449	1.452387
4392	-1094.115	-1702.177	608.0628	1.33962	2.719477	1.198548
4398	-1091.272	-1699.036	607.7638	1.422993	2.558008	1.434077
4404	-1070.466	-1678.232	607.766	1.362376	3.646857	1.107081
4410	-1085.353	-1693.056	607.703	1.535612	3.646112	1.002483
4416	-1088.053	-1695.68	607.627	1.535237	4.192585	0.8843759
4422	-1103.895	-1712.033	608.1378	1.537789	2.459801	1.06504
4428	-1088.039	-1696.219	608.1802	1.555416	2.636855	0.9176771
4434	-1074.092	-1682.32	608.2277	1.6534	2.555506	0.7884044
4440	-1075.031	-1682.986	607.955	1.45898	2.957187	1.094571
4446	-1086.449	-1694.51	608.0619	1.555165	2.376648	1.156424
4452	-1093.893	-1702.132	608.2392	1.548843	2.376648	0.9965442
4458	-1085.907	-1694.178	608.2719	1.555421	2.450852	0.9159683
4464	-1090.41	-1698.276	607.8661	1.643044	3.501469	0.7465068
4470	-1084.785	-1693.29	608.5052	1.631709	2.078765	0.7797779
4476	-1082.699	-1691.244	608.5457	1.633008	1.982046	0.7993201
4482	-1087.374	-1695.849	608.4747	1.660907	2.145368	0.7259962
4488	-1067.041	-1675.088	608.0464	1.567435	2.926553	0.9075942
4494	-1070.469	-1678.815	608.3453	1.535574	2.289481	0.9475817
4500	-1106.661	-1714.678	608.0169	1.622423	3.226486	0.7086965
4506	-1088.832	-1696.708	607.8763	1.689756	3.327447	0.7608515
4512	-1082.253	-1690.692	608.4391	1.689756	2.189766	0.6962358
4518	-1078.184	-1686.591	608.4077	1.624547	2.029941	0.9391292
4524	-1086.35	-1694.142	607.7919	1.468599	2.579839	1.368625
4530	-1088.991	-1697.157	608.1663	1.483665	2.144755	1.23442
4536	-1074.487	-1681.534	607.0465	1.277564	2.727847	1.989062
4542	-1069.843	-1676.962	607.1187	1.063649	1.88785	2.369121
4548	-1064.601	-1671.513	606.9124	0.8937376	3.003079	2.248695
4554	-1058.515	-1665.113	606.5985	0.994752	3.539404	2.248695
4560	-1058.425	-1665.335	606.9107	1.029724	2.555994	2.292273
4566	-1074.845	-1682.264	607.4187	1.10944	2.287213	1.997364
4572	-1079.911	-1686.635	606.7239	1.06591	3.466352	2.139164
4578	-1096.907	-1703.813	606.9052	1.039702	3.075159	2.139164
4584	-1098.349	-1705.3	606.9518	1.08763	2.864827	2.136309
4590	-1097.772	-1705.675	607.9027	1.154867	2.786792	1.451367
4596	-1099.313	-1707.044	607.7311	1.326415	2.786792	1.451367
4602	-1098.594	-1706.589	607.9945	1.452452	3.325296	0.9107717
4608	-1106.064	-1713.87	607.8065	1.458408	2.682701	1.326571
4614	-1107.445	-1715.235	607.79	1.273183	3.100127	1.34159
4620	-1105.461	-1713.087	607.626	1.341667	2.537268	1.604978
4626	-1104.452	-1712.605	608.1523	1.357843	2.537268	1.179857
4632	-1104.609	-1712.129	607.5202	1.552711	3.226316	1.292314
4638	-1096.081	-1704.239	608.1577	1.41265	2.52836	1.13059
4644	-1100.768	-1708.607	607.8389	1.341235	2.606514	1.42135
4650	-1106.699	-1714.436	607.7372	1.254014	3.361939	1.315243
4656	-1088.985	-1696.515	607.5308	1.330288	2.881472	1.566817
4662	-1079.41	-1687.441	608.0311	1.174421	2.177532	1.566817
4668	-1086.897	-1693.94	607.0432	1.049897	3.650377	1.892093
4674	-1094.888	-1701.677	606.7884	1.180312	2.446663	2.308541
4680	-1088.369	-1695.368	606.9987	1.233076	2.148589	2.240499
4686	-1095.563	-1703.588	608.0249	1.214555	2.146399	1.554471
4692	-1077.59	-1685.199	607.6089	1.273231	3.071112	1.49088
4698	-1077.119	-1684.872	607.7537	1.273231	3.103986	1.369076
4704	-1071.894	-1679.266	607.3721	1.219985	3.195923	1.665757
4710	-1083.03	-1690.901	607.8703	1.380155	2.993329	1.22481
4716	-1087.207	-1694.881	607.6737	1.447934	3.053507	1.31025
4722	-1089.932	-1697.665	607.7323	1.30201	3.289363	1.303342
4728	-1100.631	-1709.024	608.3932	1.471308	2.289387	0.9647685
4734	-1093.028	-1701.161	608.1322	1.336065	2.565157	1.204354
4740	-1099.091	-1707.087	607.996	1.37653	2.770156	1.204354
4746	-1081.484	-1689.502	608.0177	1.318896	2.809083	1.220022
4752	-1078.182	-1685.925	607.7436	1.325859	3.458671	1.220022
4758	-1073.203	-1681.357	608.1535	1.262569	1.983862	1.492214
4764	-1084.208	-1692.515	608.3064	1.242413	2.076699	1.348188
4770	-1074.69	-1682.408	607.718	1.201491	3.464534	1.341265
4776	-1065.505	-1673.232	607.7277	1.201491	2.72758	1.567483
4782	-1078.163	-1685.112	606.9492	1.11012	3.308021	2.001673
4788	-1082.027	-1689.347	607.3198	1.049266	3.135008	1.839205
4794	-1094.211	-1701.316	607.1048	1.032682	3.795113	1.826404
4800	-1099.204	-1707.576	608.3721	1.46694	2.472194	0.8909639
4806	-1098.849	-1706.648	607.7993	1.436828	3.778323	0.9567446
4812	-1097.754	-1704.582	606.8283	1.105002	3.13557	2.130446
4818	-1101.831	-1709.268	607.437	1.35968	2.892896	1.610128
4824	-1097.425	-1705.007	607.5816	1.448544	2.932445	1.423032
4830	-1089.48	-1696.617	607.1376	1.131623	2.783308	2.00886
4836	-1094.404	-1701.899	607.4946	0.9864685	2.659432	1.90479
4842	-1090.443	-1697.671	607.2285	1.040436	2.718757	2.028585
4848	-1095.027	-1702.401	607.3743	1.366252	3.808558	1.383697
4854	-1092.573	-1700.013	607.44	1.382292	3.739377	1.338353
4860	-1094	-1701.903	607.9034	1.573264	2.482167	1.231549
4866	-1095.81	-1703.997	608.1864	1.276396	2.54656	1.216635
4872	-1081.945	-1689.841	607.8961	1.178183	2.54656	1.523296
4878	-1084.635	-1691.765	607.1301	1.1291	3.166523	1.905354
4884	-1088.328	-1695.39	607.0616	0.891927	2.701573	2.239766
4890	-1104.658	-1711.574	606.9164	1.011369	2.856955	2.211113
4896	-1089.648	-1696.616	606.968	0.9597553	2.856955	2.211113
4902	-1095.121	-1701.919	606.7975	0.9386968	3.31894	2.210808
4908	-1082.282	-1689.714	607.4321	1.014145	2.860144	1.866395
4914	-1076.133	-1683.158	607.0251	0.987572	2.569308	2.241843
4920	-1075.414	-1682.598	607.1846	0.9690039	2.289287	2.241843
4926	-1084.806	-1691.704	606.898	1.008964	3.264584	2.113642
4932	-1074.526	-1682.054	607.528	1.122787	2.781801	1.749157
4938	-1069.849	-1677.134	607.2852	0.9635131	2.410828	2.139517
4944	-1084.507	-1691.782	607.2753	0.9990406	3.112543	1.9101
4950	-1082.477	-1690.106	607.6287	1.058229	2.859363	1.699335
4956	-1079.395	-1687.396	608.0011	1.16661	2.490092	1.473906
4962	-1075.538	-1683.055	607.5171	1.291683	3.205105	1.504743
4968	-1075.119	-1682.812	607.6932	1.315439	2.784914	1.489063
4974	-1079.773	-1687.499	607.7256	1.25373	3.037286	1.427712
4980	-1077.259	-1684.956	607.697	1.1615	2.879261	1.569387
4986	-1082.51	-1689.997	607.4869	1.103749	2.879261	1.760877
4992	-1068.748	-1675.776	607.0281	0.9902018	3.437484	1.995653
4998	-1069.26	-1677.422	608.1621	1.234258	2.538407	1.275409
5004	-1065.214	-1672.715	607.5011	1.097882	2.890229	1.751698
5010	-1061.862	-1669.313	607.4508	1.150998	3.112917	1.683012
5016	-1082.327	-1689.836	607.5092	1.181972	2.659799	1.760191
5022	-1105.073	-1713.123	608.0499	2.203881	1.958837	0.3373603
5028	-1103.489	-1711.229	607.7406	2.046851	2.899423	0.3493583
5034	-1086.096	-1693.638	607.5425	2.254933	2.722665	0.2888545
5040	-1076.699	-1684.721	608.0224	1.55186	2.648247	1.074562
5046	-1070.827	-1678.927	608.1001	1.528629	2.534216	1.074562
5052	-1077.717	-1685.553	607.8354	1.429993	3.072154	1.183626
5058	-1072.323	-1680.338	608.0147	1.483775	2.866391	1.052492
5064	-1087.39	-1695.062	607.6715	2.183333	2.622875	0.2965841
5070	-1083.301	-1690.857	607.556	1.370419	3.596008	1.296214
5076	-1087.603	-1695.726	608.1232	1.327073	2.187096	1.377333
5082	-1075.298	-1683.01	607.7116	2.22375	2.434893	0.2887673
5088	-1074.825	-1682.761	607.9353	2.312323	1.902663	0.3020152
5094	-1069.351	-1676.981	607.6296	2.230708	2.750163	0.3569518
5100	-1068.908	-1676.57	607.662	2.230708	2.515949	0.2870405
5106	-1075.727	-1683.744	608.0173	2.198032	1.928504	0.2899666
5112	-1091.62	-1699.381	607.761	2.182741	2.578859	0.3612623
5118	-1088.097	-1695.917	607.8197	2.082542	2.647487	0.3502226
5124	-1086.122	-1694.201	608.0788	1.87824	2.630584	0.5726806
5130	-1079.918	-1688.174	608.2557	1.923557	2.206925	0.5291534
5136	-1091.022	-1698.869	607.8469	1.938281	3.033868	0.4701875
5142	-1087.229	-1694.351	607.1223	1.059334	2.13934	2.275948
5148	-1090.059	-1697.118	607.0594	1.098764	3.050133	2.005501
5154	-1083.301	-1691.05	607.7498	1.110773	2.887094	1.565406
5160	-1077.228	-1684.93	607.7028	1.376467	3.449358	1.214653
5166	-1084.831	-1692.714	607.8835	1.347557	3.322146	1.124888
5172	-1081.851	-1689.501	607.6505	1.367461	2.999248	1.410356
5178	-1086.639	-1694.384	607.7451	1.438997	3.653271	1.05306
5184	-1093.817	-1701.382	607.565	1.447178	4.15329	1.05306
5190	-1101.299	-1709.311	608.0118	1.447178	3.252187	0.929145
5196	-1109.551	-1717.39	607.8382	1.483439	3.571109	0.9453556
5202	-1121.713	-1729.681	607.9681	1.472008	3.2617	0.9453556
5208	-1117.863	-1725.692	607.8282	1.607235	3.750321	0.7195796
5214	-1122.487	-1730.948	608.4609	1.824908	1.947242	0.661504
5220	-1138.719	-1747.236	608.5172	1.516831	1.972463	0.9725974
5226	-1130.291	-1738.619	608.3281	1.566628	2.272789	0.9422212
5232	-1120.307	-1728.341	608.0341	1.404227	2.775395	1.145026
5238	-1111.572	-1719.718	608.1465	1.481325	2.680605	1.008553
5244	-1110.744	-1718.763	608.0193	1.736025	2.81047	0.798172
5250	-1104.005	-1712.294	608.2893	1.736025	2.444376	0.6369844
5256	-1101.13	-1709.426	608.2959	1.689862	2.409803	0.7413657
5262	-1098.813	-1706.642	607.8293	1.689862	3.234321	0.8693543
5268	-1098.043	-1706.466	608.4221	1.500977	2.362533	0.8574644
5274	-1095.754	-1704.047	608.2931	1.486812	2.354878	1.015767
5280	-1084.253	-1692.157	607.904	1.481478	2.926548	1.132464
5286	-1091.319	-1698.933	607.6138	1.727337	4.009521	0.7274353
5292	-1079.179	-1687.462	608.2834	1.727337	2.407188	0.702892
5298	-1094.754	-1703.081	608.3272	1.742429	2.304534	0.6922223
5304	-1101.22	-1709.511	608.291	1.508577	2.198767	1.076097
5310	-1087.186	-1695.664	608.478	1.482073	2.08758	0.9799462
5316	-1087.852	-1695.906	608.0538	1.389359	3.178025	0.9771662
5322	-1074.736	-1682.601	607.8654	1.30279	2.57986	1.440311
5328	-1067.312	-1675.253	607.9406	1.191829	2.70877	1.421185
5334	-1077.836	-1685.766	607.9303	1.299323	2.358492	1.477254
5340	-1069.939	-1677.264	607.3249	1.231642	3.438568	1.622975
5346	-1083.519	-1691.402	607.8829	1.174317	2.290231	1.630571
5352	-1075.104	-1682.852	607.7478	1.122515	2.436094	1.710474
5358	-1078.649	-1686.103	607.4533	0.9612585	2.436094	2.022021
5364	-1065.086	-1672.446	607.3604	1.118891	2.784474	1.866917
5370	-1077.207	-1684.754	607.547	1.093333	3.295764	1.602323
5376	-1066.421	-1674.573	608.1519	1.318483	2.355543	1.289715
5382	-1056.925	-1664.792	607.8669	1.292243	2.530331	1.465446
5388	-1048.4	-1656.349	607.9485	1.292243	2.901195	1.266126
5394	-1047.789	-1655.461	607.6724	1.195009	2.678522	1.628909
5400	-1044.984	-1652.696	607.7129	1.190539	2.774093	1.570842
5406	-1058.316	-1665.914	607.5979	1.177507	2.774093	1.663522
5412	-1070.16	-1678.198	608.0379	1.234396	2.499393	1.390044
5418	-1079.043	-1686.775	607.732	1.32618	2.708003	1.478155
5424	-1079.005	-1686.733	607.7284	1.130362	2.828072	1.585794
5430	-1077.983	-1685.04	607.0563	1.189653	3.485103	1.829276
5436	-1088.448	-1696.103	607.6543	1.322834	3.51988	1.277771
5442	-1101.144	-1708.463	607.3194	1.263757	4.711688	1.277771
5448	-1094.322	-1701.942	607.6195	1.107153	2.496375	1.790058
5454	-1090.871	-1698.558	607.6871	1.210981	3.618726	1.312475
5460	-1102.336	-1710.04	607.7043	1.522646	3.618726	1.023889
5466	-1093.43	-1701.378	607.9474	1.419848	2.661649	1.250889
5472	-1098.349	-1705.985	607.6362	1.460305	4.149549	0.9709115
5478	-1085.447	-1693.547	608.0999	1.444188	2.888477	0.9985196
5484	-1080.984	-1688.599	607.6152	1.074177	2.346898	1.867558
5490	-1072.862	-1680.597	607.7354	1.154943	2.632267	1.628013
5496	-1082.377	-1689.74	607.3623	1.036619	3.464333	1.728337
5502	-1105.934	-1713.802	607.8688	1.483551	3.266814	1.032139
5508	-1104.304	-1712.566	608.2613	1.524244	2.435327	0.9688533
5514	-1068.381	-1675.866	607.4855	1.339411	3.325841	1.456401
5520	-1085.282	-1693.533	608.2516	1.359699	2.120855	1.277541
5526	-1078.289	-1686.199	607.9094	1.436621	3.3411	1.009665
5532	-1072.907	-1680.994	608.0869	1.153036	2.593874	1.379503
5538	-1084.399	-1692.379	607.9797	1.391529	2.523662	1.301851
5544	-1096.759	-1704.761	608.0019	1.243587	2.618593	1.365932
5550	-1097.309	-1704.861	607.5523	1.243587	3.804333	1.341176
5556	-1096.687	-1704.963	608.2765	1.259501	1.8861	1.445904
5562	-1095.985	-1703.379	607.3938	1.225245	3.041335	1.691921
5568	-1102.809	-1710.464	607.6554	1.388455	3.640186	1.184224
5574	-1102.31	-1709.943	607.6325	2.245317	2.604711	0.307552
5580	-1097.428	-1705.113	607.6845	1.119271	2.863603	1.614311
5586	-1099.999	-1707.276	607.2769	1.176108	2.472488	1.984281
5592	-1084.995	-1692.706	607.7111	1.204804	2.753634	1.568487
5598	-1071.09	-1678.948	607.858	1.212301	2.611607	1.502956
5604	-1079.793	-1687.508	607.7153	1.173698	3.129267	1.467513
5610	-1086.068	-1693.991	607.9223	1.100076	2.176804	1.699113
5616	-1085.019	-1692.877	607.8578	1.252755	3.124244	1.295376
5622	-1072.857	-1680.574	607.7174	1.201851	3.030494	1.475717
5628	-1079.326	-1687.112	607.7861	1.139507	2.031578	1.823819
5634	-1082.784	-1690.574	607.7909	1.272389	2.706773	1.474691
5640	-1089.877	-1698.232	608.3553	1.435808	1.77465	1.300373
5646	-1079.5	-1687.532	608.0322	1.326447	2.553345	1.300373
5652	-1082.482	-1690.469	607.987	1.353584	2.63584	1.282969
5658	-1083.773	-1691.976	608.2032	1.481293	2.061782	1.24468
5664	-1082.19	-1689.898	607.7079	1.243828	3.22162	1.39048
5670	-1070.908	-1678.659	607.7503	1.196027	2.323953	1.697224
5676	-1086.511	-1694.778	608.2663	1.379394	2.196778	1.213786
5682	-1084.449	-1692.649	608.1995	1.403943	2.636202	1.052355
5688	-1100.058	-1708.494	608.4367	1.395878	2.029004	1.133092
5694	-1097.523	-1705.336	607.813	1.311511	3.120203	1.285411
5700	-1098.815	-1706.603	607.7877	1.081966	2.814137	1.582387
5706	-1090.825	-1698.3	607.4752	1.065489	3.631138	1.582387
5712	-1087.371	-1695.114	607.7437	0.9609252	2.806538	1.703466
5718	-1076.609	-1683.908	607.2998	0.9337672	3.008325	1.966954
5724	-1080.947	-1687.845	606.8983	0.9782988	3.138269	2.166699
5730	-1088.357	-1695.92	607.5627	1.205886	3.248246	1.521808
5736	-1073.99	-1681.343	607.3534	1.205886	3.401938	1.631125
5742	-1080.591	-1688.251	607.6596	1.258542	3.27495	1.400048
5748	-1092.955	-1700.817	607.8619	1.299417	3.27495	1.202334
5754	-1100.026	-1707.867	607.8409	1.389787	2.644612	1.367893
5760	-1096.634	-1704.465	607.8314	1.446805	2.704056	1.307866
5766	-1101.643	-1709.426	607.7827	1.373793	2.994252	1.302287
5772	-1092.11	-1700.025	607.9147	1.246315	2.689146	1.40612
5778	-1097.842	-1705.524	607.6825	1.398577	3.256529	1.27576
5784	-1088.707	-1696.762	608.0547	1.38647	2.850709	1.112194
5790	-1082.081	-1690.482	608.4005	1.488049	1.973209	1.112194
5796	-1073.856	-1681.888	608.0327	1.487506	2.827336	1.048303
5802	-1071.102	-1678.821	607.7193	1.428174	3.407155	1.169835
5808	-1069.807	-1677.848	608.0415	1.507685	3.020146	0.9344611
5814	-1072.191	-1680.092	607.9012	1.367699	3.631483	0.9772839
5820	-1078.102	-1686.141	608.0396	1.277036	2.637119	1.301982
5826	-1077.273	-1685.054	607.7807	1.185739	2.462107	1.632582
5832	-1078.491	-1685.699	607.2084	1.116271	3.411808	1.794166
5838	-1073.521	-1679.988	606.4674	0.8794894	2.850508	2.580122
5844	-1066.649	-1673.184	606.5348	0.9045806	2.850508	2.522593
5850	-1057.84	-1664.248	606.4078	0.9750842	3.085804	2.494912
5856	-1074.937	-1681.538	606.6012	0.9592432	2.740178	2.477935
5862	-1060.107	-1666.488	606.3817	0.9512507	3.434793	2.439196
5868	-1057.887	-1665.479	607.5914	1.164137	2.351933	1.820431
5874	-1053.27	-1660.457	607.1868	1.129834	4.106364	1.625657
5880	-1070.415	-1677.843	607.4277	1.116472	2.960413	1.768763
5886	-1077.006	-1683.74	606.7343	1.117484	3.703197	2.041128
5892	-1078.873	-1686.846	607.9724	1.117484	2.058305	1.698329
5898	-1084.844	-1692.369	607.5248	1.256841	2.281391	1.827793
5904	-1088.318	-1696.11	607.7921	1.419016	2.214701	1.547724
5910	-1081.893	-1689.976	608.0827	1.270278	2.373465	1.376322
